{"uid":"a498c289d3f57546","name":"should delete existing contact","historyId":"04bbc36608522cf85848da6bc381cd22","time":{"start":1717040268161,"stop":1717040268515,"duration":354},"status":"failed","statusMessage":"expected 'Are you sure you want to delete this …' to equal 'Are you sure you want to delete this …'      \n      actual expected\n      \n      'Are you sure you want to delete this contactcontactghh?'\n      ","statusTrace":"AssertionError: expected 'Are you sure you want to delete this …' to equal 'Are you sure you want to delete this …'\n    at Context.<anonymous> (file:///home/runner/work/capstone/capstone/test/specs/2-contacts.spec.js:52:33)","flaky":false,"newFailed":false,"newBroken":false,"newPassed":false,"retriesCount":0,"retriesStatusChange":false,"beforeStages":[{"time":{},"status":"passed","steps":[{"name":"\"before all\" hook for Contact Tests","time":{"start":1717040259466,"stop":1717040262349,"duration":2883},"status":"passed","steps":[],"attachments":[],"parameters":[],"shouldDisplayMessage":false,"stepsCount":0,"attachmentsCount":0,"hasContent":false,"attachmentStep":false}],"attachments":[],"parameters":[],"shouldDisplayMessage":false,"stepsCount":1,"attachmentsCount":0,"hasContent":true,"attachmentStep":false}],"testStage":{"status":"failed","statusMessage":"expected 'Are you sure you want to delete this …' to equal 'Are you sure you want to delete this …'      \n      actual expected\n      \n      'Are you sure you want to delete this contactcontactghh?'\n      ","statusTrace":"AssertionError: expected 'Are you sure you want to delete this …' to equal 'Are you sure you want to delete this …'\n    at Context.<anonymous> (file:///home/runner/work/capstone/capstone/test/specs/2-contacts.spec.js:52:33)","steps":[],"attachments":[{"uid":"c4c9e76032b5e1e4","name":"Screenshot","source":"c4c9e76032b5e1e4.png","type":"image/png","size":52672}],"parameters":[],"shouldDisplayMessage":true,"stepsCount":0,"attachmentsCount":1,"hasContent":true,"attachmentStep":false},"afterStages":[{"time":{},"status":"passed","steps":[{"name":"\"after all\" hook for Contact Tests","time":{"start":1717040268515,"stop":1717040268684,"duration":169},"status":"passed","steps":[],"attachments":[],"parameters":[],"shouldDisplayMessage":false,"stepsCount":0,"attachmentsCount":0,"hasContent":false,"attachmentStep":false}],"attachments":[],"parameters":[],"shouldDisplayMessage":false,"stepsCount":1,"attachmentsCount":0,"hasContent":true,"attachmentStep":false}],"labels":[{"name":"language","value":"javascript"},{"name":"framework","value":"wdio"},{"name":"package","value":".home.runner.work.capstone.capstone.test.specs.2-contacts.spec.js"},{"name":"thread","value":"0-1"},{"name":"suite","value":"Contact Tests"},{"name":"feature","value":"Contact Tests"},{"name":"resultFormat","value":"allure2"}],"parameters":[{"name":"browser","value":"chrome-headless-shell-124.0.6367.209"}],"links":[],"hidden":false,"retry":false,"extra":{"severity":"normal","retries":[],"categories":[{"name":"Product defects","matchedStatuses":[],"flaky":false}],"tags":[]},"source":"a498c289d3f57546.json","parameterValues":["chrome-headless-shell-124.0.6367.209"]}